\BOOKMARK [1][-]{section.1}{\376\377\000L\000i\000n\000e\000a\000r\000\040\000A\000l\000g\000e\000b\000r\000a\000\040\000R\000e\000v\000i\000e\000w\000\040\000[\0001\0007\000\040\000p\000o\000i\000n\000t\000s\000]}{}% 1
\BOOKMARK [2][-]{subsection.1.1}{\376\377\000B\000a\000s\000i\000c\000\040\000O\000p\000e\000r\000a\000t\000i\000o\000n\000s\000\040\000[\0007\000\040\000p\000o\000i\000n\000t\000s\000]}{section.1}% 2
\BOOKMARK [2][-]{subsection.1.2}{\376\377\000M\000a\000t\000r\000i\000x\000\040\000A\000l\000g\000e\000b\000r\000a\000\040\000R\000u\000l\000e\000s\000\040\000[\0001\0000\000\040\000p\000o\000i\000n\000t\000s\000]}{section.1}% 3
\BOOKMARK [1][-]{section.2}{\376\377\000P\000r\000o\000b\000a\000b\000i\000l\000i\000t\000y\000\040\000R\000e\000v\000i\000e\000w\000\040\000[\0001\0006\000\040\000p\000o\000i\000n\000t\000s\000]}{}% 4
\BOOKMARK [2][-]{subsection.2.1}{\376\377\000R\000u\000l\000e\000s\000\040\000o\000f\000\040\000p\000r\000o\000b\000a\000b\000i\000l\000i\000t\000y\000\040\000[\0006\000\040\000p\000o\000i\000n\000t\000s\000]}{section.2}% 5
\BOOKMARK [2][-]{subsection.2.2}{\376\377\000B\000a\000y\000e\000s\000\040\000R\000u\000l\000e\000\040\000a\000n\000d\000\040\000C\000o\000n\000d\000i\000t\000i\000o\000n\000a\000l\000\040\000P\000r\000o\000b\000a\000b\000i\000l\000i\000t\000y\000\040\000[\0001\0000\000\040\000p\000o\000i\000n\000t\000s\000]}{section.2}% 6
\BOOKMARK [1][-]{section.3}{\376\377\000C\000a\000l\000c\000u\000l\000u\000s\000\040\000R\000e\000v\000i\000e\000w\000\040\000[\0002\0003\000\040\000p\000o\000i\000n\000t\000s\000]}{}% 7
\BOOKMARK [2][-]{subsection.3.1}{\376\377\000O\000n\000e\000-\000v\000a\000r\000i\000a\000b\000l\000e\000\040\000d\000e\000r\000i\000v\000a\000t\000i\000v\000e\000s\000\040\000[\0008\000\040\000p\000o\000i\000n\000t\000s\000]}{section.3}% 8
\BOOKMARK [2][-]{subsection.3.2}{\376\377\000M\000u\000l\000t\000i\000-\000v\000a\000r\000i\000a\000b\000l\000e\000\040\000d\000e\000r\000i\000v\000a\000t\000i\000v\000e\000s\000\040\000[\0005\000\040\000p\000o\000i\000n\000t\000s\000]}{section.3}% 9
\BOOKMARK [2][-]{subsection.3.3}{\376\377\000O\000p\000t\000i\000m\000i\000z\000a\000t\000i\000o\000n\000\040\000[\0006\000\040\000p\000o\000i\000n\000t\000s\000]}{section.3}% 10
\BOOKMARK [2][-]{subsection.3.4}{\376\377\000D\000e\000r\000i\000v\000a\000t\000i\000v\000e\000s\000\040\000o\000f\000\040\000c\000o\000d\000e\000\040\000[\0004\000\040\000p\000o\000i\000n\000t\000s\000]}{section.3}% 11
\BOOKMARK [1][-]{section.4}{\376\377\000A\000l\000g\000o\000r\000i\000t\000h\000m\000s\000\040\000a\000n\000d\000\040\000D\000a\000t\000a\000\040\000S\000t\000r\000u\000c\000t\000u\000r\000e\000s\000\040\000R\000e\000v\000i\000e\000w\000\040\000[\0001\0001\000\040\000p\000o\000i\000n\000t\000s\000]}{}% 12
\BOOKMARK [2][-]{subsection.4.1}{\376\377\000T\000r\000e\000e\000s\000\040\000[\0002\000\040\000p\000o\000i\000n\000t\000s\000]}{section.4}% 13
\BOOKMARK [2][-]{subsection.4.2}{\376\377\000C\000o\000m\000m\000o\000n\000\040\000R\000u\000n\000t\000i\000m\000e\000s\000\040\000[\0005\000\040\000p\000o\000i\000n\000t\000s\000]}{section.4}% 14
\BOOKMARK [2][-]{subsection.4.3}{\376\377\000R\000u\000n\000n\000i\000n\000g\000\040\000t\000i\000m\000e\000s\000\040\000o\000f\000\040\000c\000o\000d\000e\000\040\000[\0004\000\040\000p\000o\000i\000n\000t\000s\000]}{section.4}% 15
\BOOKMARK [1][-]{section.5}{\376\377\000D\000a\000t\000a\000\040\000E\000x\000p\000l\000o\000r\000a\000t\000i\000o\000n\000\040\000[\0005\000\040\000p\000o\000i\000n\000t\000s\000]}{}% 16
\BOOKMARK [2][-]{subsection.5.1}{\376\377\000S\000u\000m\000m\000a\000r\000y\000\040\000S\000t\000a\000t\000i\000s\000t\000i\000c\000s\000\040\000[\0002\000\040\000p\000o\000i\000n\000t\000s\000]}{section.5}% 17
\BOOKMARK [2][-]{subsection.5.2}{\376\377\000D\000a\000t\000a\000\040\000V\000i\000s\000u\000a\000l\000i\000z\000a\000t\000i\000o\000n\000\040\000[\0003\000\040\000p\000o\000i\000n\000t\000s\000]}{section.5}% 18
\BOOKMARK [1][-]{section.6}{\376\377\000D\000e\000c\000i\000s\000i\000o\000n\000\040\000T\000r\000e\000e\000s\000\040\000[\0002\0003\000\040\000p\000o\000i\000n\000t\000s\000]}{}% 19
\BOOKMARK [2][-]{subsection.6.1}{\376\377\000S\000p\000l\000i\000t\000t\000i\000n\000g\000\040\000r\000u\000l\000e\000\040\000[\0001\000\040\000p\000o\000i\000n\000t\000s\000]}{section.6}% 20
\BOOKMARK [2][-]{subsection.6.2}{\376\377\000D\000e\000c\000i\000s\000i\000o\000n\000\040\000S\000t\000u\000m\000p\000\040\000I\000m\000p\000l\000e\000m\000e\000n\000t\000a\000t\000i\000o\000n\000\040\000[\0008\000\040\000p\000o\000i\000n\000t\000s\000]}{section.6}% 21
\BOOKMARK [2][-]{subsection.6.3}{\376\377\000D\000e\000c\000i\000s\000i\000o\000n\000\040\000S\000t\000u\000m\000p\000\040\000I\000n\000f\000o\000\040\000G\000a\000i\000n\000\040\000I\000m\000p\000l\000e\000m\000e\000n\000t\000a\000t\000i\000o\000n\000\040\000[\0008\000\040\000p\000o\000i\000n\000t\000s\000]}{section.6}% 22
\BOOKMARK [2][-]{subsection.6.4}{\376\377\000H\000a\000r\000d\000-\000c\000o\000d\000e\000d\000\040\000D\000e\000c\000i\000s\000i\000o\000n\000\040\000T\000r\000e\000e\000s\000\040\000[\0002\000\040\000p\000o\000i\000n\000t\000s\000]}{section.6}% 23
\BOOKMARK [2][-]{subsection.6.5}{\376\377\000D\000e\000c\000i\000s\000i\000o\000n\000\040\000T\000r\000e\000e\000\040\000T\000r\000a\000i\000n\000i\000n\000g\000\040\000E\000r\000r\000o\000r\000\040\000[\0002\000\040\000p\000o\000i\000n\000t\000s\000]}{section.6}% 24
\BOOKMARK [2][-]{subsection.6.6}{\376\377\000C\000o\000m\000p\000a\000r\000i\000n\000g\000\040\000i\000m\000p\000l\000e\000m\000e\000n\000t\000a\000t\000i\000o\000n\000s\000\040\000[\0002\000\040\000p\000o\000i\000n\000t\000s\000]}{section.6}% 25
\BOOKMARK [1][-]{section.7}{\376\377\000A\000p\000p\000e\000n\000d\000i\000x}{}% 26
